\BOOKMARK [1][-]{section*.1}{\376\377\000I\000n\000t\000r\000o\000d\000u\000\347\000\343\000o}{}% 1
\BOOKMARK [2][-]{section*.2}{\376\377\000O\000b\000j\000e\000t\000i\000v\000o}{section*.1}% 2
\BOOKMARK [2][-]{section*.3}{\376\377\000E\000s\000c\000o\000p\000o}{section*.1}% 3
\BOOKMARK [2][-]{section*.4}{\376\377\000E\000s\000t\000r\000u\000t\000u\000r\000a\000\040\000d\000o\000\040\000T\000r\000a\000b\000a\000l\000h\000o\000\040\000e\000\040\000S\000\355\000n\000t\000e\000s\000e\000\040\000d\000a\000s\000\040\000E\000t\000a\000p\000a\000s\000\040\000d\000e\000\040\000P\000e\000s\000q\000u\000i\000s\000a}{section*.1}% 4
\BOOKMARK [2][-]{section*.5}{\376\377\000R\000e\000l\000e\000v\000\342\000n\000c\000i\000a\000\040\000s\000o\000c\000i\000o\000-\000e\000c\000o\000n\000\364\000m\000i\000c\000a}{section*.1}% 5
\BOOKMARK [1][-]{section*.6}{\376\377\000R\000e\000v\000i\000s\000\343\000o\000\040\000B\000i\000b\000l\000i\000o\000g\000r\000\341\000f\000i\000c\000a}{}% 6
\BOOKMARK [2][-]{section*.7}{\376\377\000R\000e\000d\000e\000s\000\040\000N\000e\000u\000r\000a\000i\000s\000\040\000A\000r\000t\000i\000f\000i\000c\000i\000a\000i\000s}{section*.6}% 7
\BOOKMARK [2][-]{section*.8}{\376\377\000R\000e\000d\000e\000s\000\040\000N\000e\000u\000r\000a\000i\000s\000\040\000-\000\040\000P\000r\000i\000n\000c\000i\000p\000a\000i\000s\000\040\000A\000r\000q\000u\000i\000t\000e\000t\000u\000r\000a\000s}{section*.6}% 8
\BOOKMARK [3][-]{section*.9}{\376\377\000R\000e\000d\000e\000s\000\040\000D\000e\000n\000s\000a\000s}{section*.8}% 9
\BOOKMARK [3][-]{section*.10}{\376\377\000R\000e\000d\000e\000s\000\040\000N\000e\000u\000r\000a\000i\000s\000\040\000P\000r\000o\000f\000u\000n\000d\000a\000s}{section*.8}% 10
\BOOKMARK [3][-]{section*.11}{\376\377\000R\000e\000d\000e\000s\000\040\000R\000e\000c\000o\000r\000r\000e\000n\000t\000e\000s}{section*.8}% 11
\BOOKMARK [3][-]{section*.12}{\376\377\000R\000e\000d\000e\000s\000\040\000C\000o\000n\000v\000o\000l\000u\000c\000i\000o\000n\000a\000i\000s}{section*.8}% 12
\BOOKMARK [2][-]{section*.13}{\376\377\000R\000e\000d\000e\000s\000\040\000N\000e\000u\000r\000a\000i\000s\000\040\000A\000p\000l\000i\000c\000a\000d\000a\000s\000\040\000\340\000\040\000M\000u\000s\000i\000c\000a}{section*.6}% 13
\BOOKMARK [2][-]{section*.14}{\376\377\000R\000e\000d\000e\000s\000\040\000N\000e\000u\000r\000a\000i\000s\000\040\000A\000p\000l\000i\000c\000a\000d\000a\000s\000\040\000a\000o\000\040\000D\000i\000s\000c\000u\000r\000s\000o\000\040\000F\000a\000l\000a\000d\000o}{section*.6}% 14
\BOOKMARK [2][-]{section*.15}{\376\377\000R\000e\000d\000e\000s\000\040\000N\000e\000u\000r\000a\000i\000s\000\040\000A\000p\000l\000i\000c\000a\000d\000a\000s\000\040\000\340\000\040\000I\000m\000a\000g\000e\000m}{section*.6}% 15
\BOOKMARK [2][-]{section*.16}{\376\377\000R\000e\000d\000e\000s\000\040\000N\000e\000u\000r\000a\000i\000s\000\040\000-\000\040\000F\000e\000r\000r\000a\000m\000e\000n\000t\000a\000s\000\040\000e\000\040\000F\000r\000a\000m\000e\000w\000o\000r\000k\000s}{section*.6}% 16
\BOOKMARK [2][-]{section*.17}{\376\377\000S\000\355\000n\000t\000e\000s\000e\000\040\000S\000o\000n\000o\000r\000a\000\040\000e\000m\000\040\000T\000e\000m\000p\000o\000\040\000R\000e\000a\000l}{section*.6}% 17
\BOOKMARK [3][-]{section*.18}{\376\377\000M\000\351\000t\000o\000d\000o\000\040\000d\000a\000s\000\040\000D\000i\000f\000e\000r\000e\000n\000\347\000a\000s\000\040\000F\000i\000n\000i\000t\000a\000s}{section*.17}% 18
\BOOKMARK [3][-]{section*.19}{\376\377\000D\000i\000g\000i\000t\000a\000l\000\040\000W\000a\000v\000e\000g\000u\000i\000d\000e\000s}{section*.17}% 19
\BOOKMARK [3][-]{section*.20}{\376\377\000D\000i\000g\000i\000t\000a\000l\000\040\000W\000a\000v\000e\000g\000u\000i\000d\000e\000s\000\040\000X\000\040\000D\000i\000f\000e\000r\000e\000n\000\347\000a\000s\000\040\000F\000i\000n\000i\000t\000a\000s}{section*.17}% 20
\BOOKMARK [1][-]{section*.21}{\376\377\000R\000e\000f\000e\000r\000e\000n\000c\000i\000a\000l\000\040\000T\000e\000\363\000r\000i\000c\000o}{}% 21
\BOOKMARK [2][-]{section*.22}{\376\377\000T\000r\000a\000n\000s\000f\000o\000r\000m\000a\000d\000a\000\040\000D\000i\000s\000c\000r\000e\000t\000a\000\040\000d\000e\000\040\000F\000o\000u\000r\000i\000e\000r}{section*.21}% 22
\BOOKMARK [2][-]{section*.23}{\376\377\000A\000\040\000E\000q\000u\000a\000\347\000\343\000o\000\040\000d\000a\000\040\000O\000n\000d\000a}{section*.21}% 23
\BOOKMARK [2][-]{section*.24}{\376\377\000F\000o\000r\000m\000a\000l\000i\000z\000a\000\347\000\343\000o\000\040\000d\000e\000\040\000u\000m\000a\000\040\000R\000e\000d\000e\000\040\000N\000e\000u\000r\000a\000l\000\040\000-\000\040\000F\000o\000r\000w\000a\000r\000d\000\040\000P\000a\000s\000s}{section*.21}% 24
\BOOKMARK [2][-]{section*.25}{\376\377\000F\000o\000r\000m\000a\000l\000i\000z\000a\000\347\000\343\000o\000\040\000d\000e\000\040\000u\000m\000a\000\040\000R\000e\000d\000e\000\040\000N\000e\000u\000r\000a\000l\000\040\000-\000\040\000B\000a\000c\000k\000p\000r\000o\000p\000a\000g\000a\000t\000i\000o\000n}{section*.21}% 25
\BOOKMARK [1][-]{section*.26}{\376\377\000M\000e\000t\000o\000d\000o\000l\000o\000g\000i\000a}{}% 26
\BOOKMARK [2][-]{section*.27}{\376\377\000A\000m\000o\000s\000t\000r\000a\000s\000\040\000S\000o\000n\000o\000r\000a\000s\000\040\000U\000t\000i\000l\000i\000z\000a\000d\000a\000s}{section*.26}% 27
\BOOKMARK [2][-]{section*.28}{\376\377\000R\000e\000d\000e\000s\000\040\000D\000e\000n\000s\000a\000s}{section*.26}% 28
\BOOKMARK [3][-]{section*.29}{\376\377\000A\000l\000g\000o\000r\000i\000t\000m\000o\000s\000\040\000d\000e\000\040\000O\000t\000i\000m\000i\000z\000a\000\347\000\343\000o}{section*.28}% 29
\BOOKMARK [3][-]{section*.30}{\376\377\000G\000r\000i\000d\000\040\000s\000e\000a\000r\000c\000h\000\040\000p\000a\000r\000a\000\040\000t\000o\000p\000o\000l\000o\000g\000i\000a\000\040\000e\000\040\000p\000a\000r\000\342\000m\000e\000t\000r\000o\000s}{section*.28}% 30
\BOOKMARK [3][-]{section*.34}{\376\377\000A\000n\000\341\000l\000i\000s\000e\000\040\000d\000o\000s\000\040\000r\000e\000s\000u\000l\000t\000a\000d\000o\000s}{section*.28}% 31
\BOOKMARK [2][-]{section*.35}{\376\377\000R\000e\000d\000e\000s\000\040\000R\000e\000c\000o\000r\000r\000e\000n\000t\000e\000s}{section*.26}% 32
\BOOKMARK [2][-]{section*.36}{\376\377\000R\000e\000d\000e\000s\000\040\000C\000o\000n\000v\000o\000l\000u\000c\000i\000o\000n\000a\000i\000s\000\040\000e\000\040\000C\000o\000n\000v\000o\000l\000u\000c\000i\000o\000n\000a\000i\000s\000-\000R\000e\000c\000o\000r\000r\000e\000n\000t\000e\000s}{section*.26}% 33
\BOOKMARK [2][-]{section*.37}{\376\377\000D\000o\000m\000\355\000n\000i\000o\000\040\000d\000a\000\040\000F\000r\000e\000q\000u\000\352\000n\000c\000i\000a}{section*.26}% 34
